Arguments: 
  /usr/bin/node /usr/bin/yarn install --modules-folder /modules

PATH: 
  /usr/local/sbin:/usr/local/bin:/usr/bin:/usr/bin/site_perl:/usr/bin/vendor_perl:/usr/bin/core_perl

Yarn version: 
  1.22.10

Node version: 
  16.3.0

Platform: 
  linux x64

Trace: 
  Error: EACCES: permission denied, mkdir '/modules'

npm manifest: 
  {
    "name": "acktic",
    "version": "3.4.9726",
    "description": "Just Read",
    "main": "app.js",
    "scripts": {
      "test": "echo \"Error: no test specified\" && exit 1"
    },
    "repository": {
      "type": "git",
      "url": "git+https://acktic@github.com/acktic/acktic.github.io.git"
    },
    "author": "acktic",
    "license": "MIT",
    "bugs": {
      "url": "https://github.com/acktic/acktic.github.io/issues"
    },
    "homepage": "https://github.com/acktic/acktic.github.io#readme",
    "dependencies": {
      "express": "^4.17.1",
      "web": "^0.0.2"
    }
  }

yarn manifest: 
  No manifest

Lockfile: 
  No lockfile
